<?xml version="1.0" encoding="UTF-8"?>
<!-- Generated by org.testng.reporters.JUnitXMLReporter -->
<testsuite hostname="DESKTOP-47Q31E1" ignored="2" name="ChromeTest" tests="8" failures="0" timestamp="2020-07-01T20:08:16 PDT" time="0.197" errors="0">
  <testcase name="addNewCustomer" time="0.0" classname="com.nopcommers.project.Testcases.TC_AddCustomerTest_003">
    <skipped/>
  </testcase> <!-- addNewCustomer -->
  <testcase name="catalogProducts" time="0.0" classname="com.nopcommers.project.Testcases.TC_Catalog">
    <skipped/>
  </testcase> <!-- catalogProducts -->
  <testcase name="titleHomepage" time="0.0" classname="com.nopcommers.project.Testcases.TC1_login">
    <skipped/>
  </testcase> <!-- titleHomepage -->
  <testcase name="addCustomers" time="0.0" classname="com.nopcommers.project.Testcases.TC1_login">
    <skipped/>
  </testcase> <!-- addCustomers -->
  <testcase name="searchByEmail" time="0.0" classname="com.nopcommers.project.Testcases.TC1_login">
    <skipped/>
  </testcase> <!-- searchByEmail -->
  <testcase name="searchByFirstName" time="0.0" classname="com.nopcommers.project.Testcases.TC1_login">
    <skipped/>
  </testcase> <!-- searchByFirstName -->
  <testcase name="searchByLastName" time="0.0" classname="com.nopcommers.project.Testcases.TC1_login">
    <skipped/>
  </testcase> <!-- searchByLastName -->
  <testcase name="EditCostumerDetails1" time="0.0" classname="com.nopcommers.project.Testcases.TC1_login">
    <skipped/>
  </testcase> <!-- EditCostumerDetails1 -->
  <testcase name="login" time="0.0" classname="com.nopcommers.project.Testcases.BaseClass">
    <ignored/>
  </testcase> <!-- login -->
  <testcase name="login" time="0.0" classname="com.nopcommers.project.Testcases.BaseClass">
    <ignored/>
  </testcase> <!-- login -->
</testsuite> <!-- ChromeTest -->
