<?xml version="1.0" encoding="UTF-8"?>
<!-- Generated by org.testng.reporters.JUnitXMLReporter -->
<testsuite hostname="DESKTOP-47Q31E1" ignored="2" name="ieTest" tests="8" failures="0" timestamp="2020-07-01T20:08:16 PDT" time="0.115" errors="0">
  <testcase name="@BeforeClass setup" time="0.0" classname="com.nopcommers.project.Testcases.BaseClass2">
    <failure type="java.lang.NullPointerException">
      <![CDATA[java.lang.NullPointerException
at com.nopcommers.project.Testcases.BaseClass2.setup(BaseClass2.java:38)
at java.util.ArrayList.forEach(Unknown Source)
... Removed 25 stack frames]]>
    </failure>
  </testcase> <!-- @BeforeClass setup -->
  <testcase name="@AfterClass tearDown" time="-1.593659296774E9" classname="com.nopcommers.project.Testcases.BaseClass2">
    <skipped/>
  </testcase> <!-- @AfterClass tearDown -->
  <testcase name="@BeforeClass setup" time="0.0" classname="com.nopcommers.project.Testcases.BaseClass2">
    <failure type="java.lang.NullPointerException">
      <![CDATA[java.lang.NullPointerException
at com.nopcommers.project.Testcases.BaseClass2.setup(BaseClass2.java:38)
at java.util.ArrayList.forEach(Unknown Source)
... Removed 25 stack frames]]>
    </failure>
  </testcase> <!-- @BeforeClass setup -->
  <testcase name="@AfterClass tearDown" time="-1.593659296791E9" classname="com.nopcommers.project.Testcases.BaseClass2">
    <skipped/>
  </testcase> <!-- @AfterClass tearDown -->
  <testcase name="@BeforeClass setup" time="0.002" classname="com.nopcommers.project.Testcases.BaseClass">
    <failure type="java.lang.NullPointerException">
      <![CDATA[java.lang.NullPointerException
at com.nopcommers.project.Testcases.BaseClass.setup(BaseClass.java:49)
at java.util.ArrayList.forEach(Unknown Source)
... Removed 25 stack frames]]>
    </failure>
  </testcase> <!-- @BeforeClass setup -->
  <testcase name="@AfterClass tearDown" time="-1.593659296856E9" classname="com.nopcommers.project.Testcases.BaseClass">
    <skipped/>
  </testcase> <!-- @AfterClass tearDown -->
  <testcase name="addNewCustomer" time="0.0" classname="com.nopcommers.project.Testcases.TC_AddCustomerTest_003">
    <skipped/>
  </testcase> <!-- addNewCustomer -->
  <testcase name="catalogProducts" time="0.0" classname="com.nopcommers.project.Testcases.TC_Catalog">
    <skipped/>
  </testcase> <!-- catalogProducts -->
  <testcase name="titleHomepage" time="0.0" classname="com.nopcommers.project.Testcases.TC1_login">
    <skipped/>
  </testcase> <!-- titleHomepage -->
  <testcase name="addCustomers" time="0.0" classname="com.nopcommers.project.Testcases.TC1_login">
    <skipped/>
  </testcase> <!-- addCustomers -->
  <testcase name="searchByEmail" time="0.0" classname="com.nopcommers.project.Testcases.TC1_login">
    <skipped/>
  </testcase> <!-- searchByEmail -->
  <testcase name="searchByFirstName" time="0.0" classname="com.nopcommers.project.Testcases.TC1_login">
    <skipped/>
  </testcase> <!-- searchByFirstName -->
  <testcase name="searchByLastName" time="0.0" classname="com.nopcommers.project.Testcases.TC1_login">
    <skipped/>
  </testcase> <!-- searchByLastName -->
  <testcase name="EditCostumerDetails1" time="0.0" classname="com.nopcommers.project.Testcases.TC1_login">
    <skipped/>
  </testcase> <!-- EditCostumerDetails1 -->
  <testcase name="login" time="0.0" classname="com.nopcommers.project.Testcases.BaseClass">
    <ignored/>
  </testcase> <!-- login -->
  <testcase name="login" time="0.0" classname="com.nopcommers.project.Testcases.BaseClass">
    <ignored/>
  </testcase> <!-- login -->
</testsuite> <!-- ieTest -->
